Log file open, 10/02/20 20:24:35
LogInit: Display: Running engine for game: Kalcinaciya
LogPlatformFile: Not using cached read wrapper
LogTaskGraph: Started task graph with 5 named threads and 47 total threads with 3 sets of task threads.
LogStats: Stats thread started at 0.231230
LogD3D11RHI: Loaded GFSDK_Aftermath_Lib.x64.dll
LogICUInternationalization: ICU TimeZone Detection - Raw Offset: +3:00, Platform Override: ''
LogPluginManager: Mounting plugin Paper2D
LogPluginManager: Mounting plugin AISupport
LogPluginManager: Mounting plugin LightPropagationVolume
LogPluginManager: Mounting plugin CameraShakePreviewer
LogPluginManager: Mounting plugin ActorLayerUtilities
LogPluginManager: Mounting plugin AnimationSharing
LogPluginManager: Mounting plugin CLionSourceCodeAccess
LogPluginManager: Mounting plugin CodeLiteSourceCodeAccess
LogPluginManager: Mounting plugin GitSourceControl
LogPluginManager: Mounting plugin KDevelopSourceCodeAccess
LogPluginManager: Mounting plugin NullSourceCodeAccess
LogPluginManager: Mounting plugin PerforceSourceControl
LogPluginManager: Mounting plugin PlasticSourceControl
LogPluginManager: Mounting plugin RiderSourceCodeAccess
LogPluginManager: Mounting plugin SubversionSourceControl
LogPluginManager: Mounting plugin UObjectPlugin
LogPluginManager: Mounting plugin VisualStudioCodeSourceCodeAccess
LogPluginManager: Mounting plugin VisualStudioSourceCodeAccess
LogPluginManager: Mounting plugin XCodeSourceCodeAccess
LogPluginManager: Mounting plugin AssetManagerEditor
LogPluginManager: Mounting plugin CryptoKeys
LogPluginManager: Mounting plugin CurveEditorTools
LogPluginManager: Mounting plugin DataValidation
LogPluginManager: Mounting plugin EditorScriptingUtilities
LogPluginManager: Mounting plugin FacialAnimation
LogPluginManager: Mounting plugin GameplayTagsEditor
LogPluginManager: Mounting plugin GeometryMode
LogPluginManager: Mounting plugin MacGraphicsSwitching
LogPluginManager: Mounting plugin MaterialAnalyzer
LogPluginManager: Mounting plugin MobileLauncherProfileWizard
LogPluginManager: Mounting plugin PluginBrowser
LogPluginManager: Mounting plugin SpeedTreeImporter
LogPluginManager: Mounting plugin DatasmithContent
LogPluginManager: Mounting plugin VariantManagerContent
LogPluginManager: Mounting plugin AlembicImporter
LogPluginManager: Mounting plugin AutomationUtils
LogPluginManager: Mounting plugin BackChannel
LogPluginManager: Mounting plugin ChaosCloth
LogPluginManager: Mounting plugin ChaosClothEditor
LogPluginManager: Mounting plugin ChaosEditor
LogPluginManager: Mounting plugin ChaosNiagara
LogPluginManager: Mounting plugin ChaosSolverPlugin
LogPluginManager: Mounting plugin CharacterAI
LogPluginManager: Mounting plugin GeometryCache
LogPluginManager: Mounting plugin GeometryCollectionPlugin
LogPluginManager: Mounting plugin GeometryProcessing
LogPluginManager: Mounting plugin PlanarCut
LogPluginManager: Mounting plugin PlatformCrypto
LogPluginManager: Mounting plugin ProxyLODPlugin
LogPluginManager: Mounting plugin PythonScriptPlugin
LogPluginManager: Mounting plugin SkeletalReduction
LogPluginManager: Mounting plugin Niagara
LogPluginManager: Mounting plugin MagicLeap
LogPluginManager: Mounting plugin MagicLeapLightEstimation
LogPluginManager: Mounting plugin MagicLeapMedia
LogPluginManager: Mounting plugin MagicLeapPassableWorld
LogPluginManager: Mounting plugin MLSDK
LogPluginManager: Mounting plugin AndroidMedia
LogPluginManager: Mounting plugin AvfMedia
LogPluginManager: Mounting plugin ImgMedia
LogPluginManager: Mounting plugin MediaCompositing
LogPluginManager: Mounting plugin MediaPlayerEditor
LogPluginManager: Mounting plugin WebMMedia
LogPluginManager: Mounting plugin WmfMedia
LogPluginManager: Mounting plugin MegascansPlugin
LogPluginManager: Mounting plugin MeshPainting
LogPluginManager: Mounting plugin TcpMessaging
LogPluginManager: Mounting plugin UdpMessaging
LogPluginManager: Mounting plugin ActorSequence
LogPluginManager: Mounting plugin LevelSequenceEditor
LogPluginManager: Mounting plugin MatineeToLevelSequence
LogPluginManager: Mounting plugin MovieRenderPipeline
LogPluginManager: Mounting plugin TemplateSequence
LogPluginManager: Mounting plugin NetcodeUnitTest
LogPluginManager: Mounting plugin NUTUnrealEngine4
LogPluginManager: Mounting plugin OnlineSubsystemGooglePlay
LogPluginManager: Mounting plugin OnlineSubsystemIOS
LogPluginManager: Mounting plugin OnlineSubsystem
LogPluginManager: Mounting plugin OnlineSubsystemNull
LogPluginManager: Mounting plugin OnlineSubsystemUtils
LogPluginManager: Mounting plugin LauncherChunkInstaller
LogPluginManager: Mounting plugin AndroidDeviceProfileSelector
LogPluginManager: Mounting plugin AndroidMoviePlayer
LogPluginManager: Mounting plugin AndroidPermission
LogPluginManager: Mounting plugin AppleImageUtils
LogPluginManager: Mounting plugin AppleMoviePlayer
LogPluginManager: Mounting plugin ArchVisCharacter
LogPluginManager: Mounting plugin AssetTags
LogPluginManager: Mounting plugin AudioCapture
LogPluginManager: Mounting plugin CableComponent
LogPluginManager: Mounting plugin CustomMeshComponent
LogPluginManager: Mounting plugin EditableMesh
LogPluginManager: Mounting plugin ExampleDeviceProfileSelector
LogPluginManager: Mounting plugin GoogleCloudMessaging
LogPluginManager: Mounting plugin GooglePAD
LogPluginManager: Mounting plugin IOSDeviceProfileSelector
LogPluginManager: Mounting plugin LinuxDeviceProfileSelector
LogPluginManager: Mounting plugin LocationServicesBPLibrary
LogPluginManager: Mounting plugin MobilePatchingUtils
LogPluginManager: Mounting plugin OculusVR
LogPluginManager: Mounting plugin PhysXVehicles
LogPluginManager: Mounting plugin PostSplashScreen
LogPluginManager: Mounting plugin ProceduralMeshComponent
LogPluginManager: Mounting plugin RuntimePhysXCooking
LogPluginManager: Mounting plugin SignificanceManager
LogPluginManager: Mounting plugin SoundFields
LogPluginManager: Mounting plugin SteamVR
LogPluginManager: Mounting plugin Synthesis
LogPluginManager: Mounting plugin WebMMoviePlayer
LogPluginManager: Mounting plugin WindowsMoviePlayer
LogPluginManager: Mounting plugin ScreenshotTools
LogInit: Using libcurl 7.55.1-DEV
LogInit:  - built for x86_64-pc-win32
LogInit:  - supports SSL with OpenSSL/1.1.1
LogInit:  - supports HTTP deflate (compression) using libz 1.2.8
LogInit:  - other features:
LogInit:      CURL_VERSION_SSL
LogInit:      CURL_VERSION_LIBZ
LogInit:      CURL_VERSION_IPV6
LogInit:      CURL_VERSION_ASYNCHDNS
LogInit:      CURL_VERSION_LARGEFILE
LogInit:      CURL_VERSION_IDN
LogInit:  CurlRequestOptions (configurable via config and command line):
LogInit:  - bVerifyPeer = true  - Libcurl will verify peer certificate
LogInit:  - bUseHttpProxy = false  - Libcurl will NOT use HTTP proxy
LogInit:  - bDontReuseConnections = false  - Libcurl will reuse connections
LogInit:  - MaxHostConnections = 16  - Libcurl will limit the number of connections to a host
LogInit:  - LocalHostAddr = Default
LogInit:  - BufferSize = 65536
LogOnline: OSS: Creating online subsystem instance for: NULL
LogInit: WinSock: version 1.1 (2.2), MaxSocks=32767, MaxUdp=65467
LogOnline: OSS: TryLoadSubsystemAndSetDefault: Loaded subsystem for module [NULL]
LogInit: Build: ++UE4+Release-4.25-CL-13942748
LogInit: Engine Version: 4.25.3-13942748+++UE4+Release-4.25
LogInit: Compatible Engine Version: 4.25.0-13144385+++UE4+Release-4.25
LogInit: Net CL: 13144385
LogInit: OS: Windows 10 (Release 1809) (), CPU: AMD Ryzen 7 3700X 8-Core Processor             , GPU: AMD Radeon RX 5700 XT
LogInit: Compiled (64-bit): Jul 25 2020 02:07:48
LogInit: Compiled with Visual C++: 19.24.28315.00
LogInit: Build Configuration: Development
LogInit: Branch Name: ++UE4+Release-4.25
LogInit: Command Line: 
LogInit: Base Directory: E:/UE/UE_4.25/Engine/Binaries/Win64/
LogInit: Allocator: TBB
LogInit: Installed Engine Build: 1
LogDevObjectVersion: Number of dev versions registered: 26
LogDevObjectVersion:   Dev-Blueprints (B0D832E4-1F89-4F0D-ACCF-7EB736FD4AA2): 10
LogDevObjectVersion:   Dev-Build (E1C64328-A22C-4D53-A36C-8E866417BD8C): 0
LogDevObjectVersion:   Dev-Core (375EC13C-06E4-48FB-B500-84F0262A717E): 4
LogDevObjectVersion:   Dev-Editor (E4B068ED-F494-42E9-A231-DA0B2E46BB41): 38
LogDevObjectVersion:   Dev-Framework (CFFC743F-43B0-4480-9391-14DF171D2073): 37
LogDevObjectVersion:   Dev-Mobile (B02B49B5-BB20-44E9-A304-32B752E40360): 2
LogDevObjectVersion:   Dev-Networking (A4E4105C-59A1-49B5-A7C5-40C4547EDFEE): 0
LogDevObjectVersion:   Dev-Online (39C831C9-5AE6-47DC-9A44-9C173E1C8E7C): 0
LogDevObjectVersion:   Dev-Physics (78F01B33-EBEA-4F98-B9B4-84EACCB95AA2): 4
LogDevObjectVersion:   Dev-Platform (6631380F-2D4D-43E0-8009-CF276956A95A): 0
LogDevObjectVersion:   Dev-Rendering (12F88B9F-8875-4AFC-A67C-D90C383ABD29): 43
LogDevObjectVersion:   Dev-Sequencer (7B5AE74C-D270-4C10-A958-57980B212A5A): 12
LogDevObjectVersion:   Dev-VR (D7296918-1DD6-4BDD-9DE2-64A83CC13884): 3
LogDevObjectVersion:   Dev-LoadTimes (C2A15278-BFE7-4AFE-6C17-90FF531DF755): 1
LogDevObjectVersion:   Private-Geometry (6EACA3D4-40EC-4CC1-B786-8BED09428FC5): 3
LogDevObjectVersion:   Dev-AnimPhys (29E575DD-E0A3-4627-9D10-D276232CDCEA): 17
LogDevObjectVersion:   Dev-Anim (AF43A65D-7FD3-4947-9873-3E8ED9C1BB05): 7
LogDevObjectVersion:   Dev-ReflectionCapture (6B266CEC-1EC7-4B8F-A30B-E4D90942FC07): 1
LogDevObjectVersion:   Dev-Automation (0DF73D61-A23F-47EA-B727-89E90C41499A): 1
LogDevObjectVersion:   FortniteMain (601D1886-AC64-4F84-AA16-D3DE0DEAC7D6): 31
LogDevObjectVersion:   Dev-Enterprise (9DFFBCD6-494F-0158-E221-12823C92A888): 10
LogDevObjectVersion:   Dev-Niagara (F2AED0AC-9AFE-416F-8664-AA7FFA26D6FC): 1
LogDevObjectVersion:   Dev-Destruction (174F1F0B-B4C6-45A5-B13F-2EE8D0FB917D): 10
LogDevObjectVersion:   Dev-Physics-Ext (35F94A83-E258-406C-A318-09F59610247C): 37
LogDevObjectVersion:   Dev-PhysicsMaterial-Chaos (B68FC16E-8B1B-42E2-B453-215C058844FE): 1
LogDevObjectVersion:   Dev-CineCamera (B2E18506-4273-CFC2-A54E-F4BB758BBA07): 1
LogInit: Presizing for max 25165824 objects, including 0 objects not considered by GC, pre-allocating 0 bytes for permanent pool.
LogConfig: Applying CVar settings from Section [/Script/Engine.StreamingSettings] File [E:/ПроектыGit/Kalcinaciya2/Kalcinaciya/Saved/Config/Windows/Engine.ini]
LogConfig: Setting CVar [[s.MinBulkDataSizeForAsyncLoading:131072]]
LogConfig: Setting CVar [[s.AsyncLoadingThreadEnabled:0]]
LogConfig: Setting CVar [[s.EventDrivenLoaderEnabled:1]]
LogConfig: Setting CVar [[s.WarnIfTimeLimitExceeded:0]]
LogConfig: Setting CVar [[s.TimeLimitExceededMultiplier:1.5]]
LogConfig: Setting CVar [[s.TimeLimitExceededMinTime:0.005]]
LogConfig: Setting CVar [[s.UseBackgroundLevelStreaming:1]]
LogConfig: Setting CVar [[s.PriorityAsyncLoadingExtraTime:15.0]]
LogConfig: Setting CVar [[s.LevelStreamingActorsUpdateTimeLimit:5.0]]
LogConfig: Setting CVar [[s.PriorityLevelStreamingActorsUpdateExtraTime:5.0]]
LogConfig: Setting CVar [[s.LevelStreamingComponentsRegistrationGranularity:10]]
LogConfig: Setting CVar [[s.UnregisterComponentsTimeLimit:1.0]]
LogConfig: Setting CVar [[s.LevelStreamingComponentsUnregistrationGranularity:5]]
LogConfig: Setting CVar [[s.FlushStreamingOnExit:1]]
LogInit: Object subsystem initialized
LogConfig: Setting CVar [[con.DebugEarlyDefault:1]]
LogConfig: Setting CVar [[r.setres:1280x720]]
[2020.10.02-17.24.36:241][  0]LogConfig: Setting CVar [[r.VSync:0]]
[2020.10.02-17.24.36:241][  0]LogConfig: Setting CVar [[r.RHICmdBypass:0]]
[2020.10.02-17.24.36:241][  0]LogConfig: Applying CVar settings from Section [/Script/Engine.RendererSettings] File [E:/ПроектыGit/Kalcinaciya2/Kalcinaciya/Saved/Config/Windows/Engine.ini]
[2020.10.02-17.24.36:241][  0]LogConfig: Setting CVar [[r.GPUCrashDebugging:0]]
[2020.10.02-17.24.36:241][  0]LogConfig: Setting CVar [[r.Mobile.DisableVertexFog:1]]
[2020.10.02-17.24.36:241][  0]LogConfig: Setting CVar [[r.Shadow.CSM.MaxMobileCascades:2]]
[2020.10.02-17.24.36:241][  0]LogConfig: Setting CVar [[r.MobileMSAA:1]]
[2020.10.02-17.24.36:241][  0]LogConfig: Setting CVar [[r.Mobile.UseLegacyShadingModel:0]]
[2020.10.02-17.24.36:241][  0]LogConfig: Setting CVar [[r.Mobile.AllowDitheredLODTransition:0]]
[2020.10.02-17.24.36:241][  0]LogConfig: Setting CVar [[r.Mobile.AllowSoftwareOcclusion:0]]
[2020.10.02-17.24.36:241][  0]LogConfig: Setting CVar [[r.Mobile.VirtualTextures:0]]
[2020.10.02-17.24.36:241][  0]LogConfig: Setting CVar [[r.DiscardUnusedQuality:0]]
[2020.10.02-17.24.36:241][  0]LogConfig: Setting CVar [[r.AllowOcclusionQueries:1]]
[2020.10.02-17.24.36:241][  0]LogConfig: Setting CVar [[r.MinScreenRadiusForLights:0.030000]]
[2020.10.02-17.24.36:241][  0]LogConfig: Setting CVar [[r.MinScreenRadiusForDepthPrepass:0.030000]]
[2020.10.02-17.24.36:241][  0]LogConfig: Setting CVar [[r.MinScreenRadiusForCSMDepth:0.010000]]
[2020.10.02-17.24.36:241][  0]LogConfig: Setting CVar [[r.PrecomputedVisibilityWarning:0]]
[2020.10.02-17.24.36:241][  0]LogConfig: Setting CVar [[r.TextureStreaming:1]]
[2020.10.02-17.24.36:241][  0]LogConfig: Setting CVar [[Compat.UseDXT5NormalMaps:0]]
[2020.10.02-17.24.36:241][  0]LogConfig: Setting CVar [[r.VirtualTextures:0]]
[2020.10.02-17.24.36:241][  0]LogConfig: Setting CVar [[r.VirtualTexturedLightmaps:0]]
[2020.10.02-17.24.36:241][  0]LogConfig: Setting CVar [[r.VT.TileSize:128]]
[2020.10.02-17.24.36:241][  0]LogConfig: Setting CVar [[r.VT.TileBorderSize:4]]
[2020.10.02-17.24.36:241][  0]LogConfig: Setting CVar [[r.vt.FeedbackFactor:16]]
[2020.10.02-17.24.36:241][  0]LogConfig: Setting CVar [[r.VT.EnableCompressZlib:1]]
[2020.10.02-17.24.36:241][  0]LogConfig: Setting CVar [[r.VT.EnableCompressCrunch:0]]
[2020.10.02-17.24.36:241][  0]LogConfig: Setting CVar [[r.ClearCoatNormal:0]]
[2020.10.02-17.24.36:241][  0]LogConfig: Setting CVar [[r.AnisotropicBRDF:0]]
[2020.10.02-17.24.36:241][  0]LogConfig: Setting CVar [[r.ReflectionCaptureResolution:128]]
[2020.10.02-17.24.36:241][  0]LogConfig: Setting CVar [[r.ReflectionEnvironmentLightmapMixBasedOnRoughness:1]]
[2020.10.02-17.24.36:241][  0]LogConfig: Setting CVar [[r.ForwardShading:0]]
[2020.10.02-17.24.36:241][  0]LogConfig: Setting CVar [[r.VertexFoggingForOpaque:1]]
[2020.10.02-17.24.36:241][  0]LogConfig: Setting CVar [[r.AllowStaticLighting:1]]
[2020.10.02-17.24.36:241][  0]LogConfig: Setting CVar [[r.NormalMapsForStaticLighting:0]]
[2020.10.02-17.24.36:241][  0]LogConfig: Setting CVar [[r.GenerateMeshDistanceFields:0]]
[2020.10.02-17.24.36:241][  0]LogConfig: Setting CVar [[r.DistanceFieldBuild.EightBit:0]]
[2020.10.02-17.24.36:241][  0]LogConfig: Setting CVar [[r.GenerateLandscapeGIData:0]]
[2020.10.02-17.24.36:241][  0]LogConfig: Setting CVar [[r.DistanceFieldBuild.Compress:0]]
[2020.10.02-17.24.36:241][  0]LogConfig: Setting CVar [[r.TessellationAdaptivePixelsPerTriangle:48.000000]]
[2020.10.02-17.24.36:241][  0]LogConfig: Setting CVar [[r.SeparateTranslucency:1]]
[2020.10.02-17.24.36:241][  0]LogConfig: Setting CVar [[r.TranslucentSortPolicy:0]]
[2020.10.02-17.24.36:241][  0]LogConfig: Setting CVar [[r.CustomDepth:1]]
[2020.10.02-17.24.36:241][  0]LogConfig: Setting CVar [[r.CustomDepthTemporalAAJitter:1]]
[2020.10.02-17.24.36:241][  0]LogConfig: Setting CVar [[r.PostProcessing.PropagateAlpha:0]]
[2020.10.02-17.24.36:241][  0]LogConfig: Setting CVar [[r.DefaultFeature.Bloom:1]]
[2020.10.02-17.24.36:241][  0]LogConfig: Setting CVar [[r.DefaultFeature.AmbientOcclusion:1]]
[2020.10.02-17.24.36:241][  0]LogConfig: Setting CVar [[r.DefaultFeature.AmbientOcclusionStaticFraction:1]]
[2020.10.02-17.24.36:241][  0]LogConfig: Setting CVar [[r.DefaultFeature.AutoExposure:0]]
[2020.10.02-17.24.36:241][  0]LogConfig: Setting CVar [[r.DefaultFeature.AutoExposure.Method:0]]
[2020.10.02-17.24.36:241][  0]LogConfig: Setting CVar [[r.DefaultFeature.AutoExposure.Bias:1.000000]]
[2020.10.02-17.24.36:241][  0]LogConfig: Setting CVar [[r.DefaultFeature.AutoExposure.ExtendDefaultLuminanceRange:0]]
[2020.10.02-17.24.36:241][  0]LogConfig: Setting CVar [[r.UsePreExposure:1]]
[2020.10.02-17.24.36:241][  0]LogConfig: Setting CVar [[r.EyeAdaptation.EditorOnly:0]]
[2020.10.02-17.24.36:241][  0]LogConfig: Setting CVar [[r.DefaultFeature.MotionBlur:0]]
[2020.10.02-17.24.36:241][  0]LogConfig: Setting CVar [[r.DefaultFeature.LensFlare:0]]
[2020.10.02-17.24.36:241][  0]LogConfig: Setting CVar [[r.TemporalAA.Upsampling:0]]
[2020.10.02-17.24.36:241][  0]LogConfig: Setting CVar [[r.SSGI.Enable:0]]
[2020.10.02-17.24.36:241][  0]LogConfig: Setting CVar [[r.DefaultFeature.AntiAliasing:0]]
[2020.10.02-17.24.36:241][  0]LogConfig: Setting CVar [[r.DefaultFeature.LightUnits:1]]
[2020.10.02-17.24.36:241][  0]LogConfig: Setting CVar [[r.DefaultBackBufferPixelFormat:4]]
[2020.10.02-17.24.36:241][  0]LogConfig: Setting CVar [[r.Shadow.UnbuiltPreviewInGame:1]]
[2020.10.02-17.24.36:241][  0]LogConfig: Setting CVar [[r.StencilForLODDither:0]]
[2020.10.02-17.24.36:241][  0]LogConfig: Setting CVar [[r.EarlyZPass:3]]
[2020.10.02-17.24.36:253][  0]LogConfig: Setting CVar [[r.EarlyZPassOnlyMaterialMasking:0]]
[2020.10.02-17.24.36:253][  0]LogConfig: Setting CVar [[r.DBuffer:1]]
[2020.10.02-17.24.36:253][  0]LogConfig: Setting CVar [[r.ClearSceneMethod:1]]
[2020.10.02-17.24.36:253][  0]LogConfig: Setting CVar [[r.BasePassOutputsVelocity:0]]
[2020.10.02-17.24.36:253][  0]LogConfig: Setting CVar [[r.VertexDeformationOutputsVelocity:0]]
[2020.10.02-17.24.36:253][  0]LogConfig: Setting CVar [[r.SelectiveBasePassOutputs:0]]
[2020.10.02-17.24.36:253][  0]LogConfig: Setting CVar [[fx.GPUSimulationTextureSizeX:1024]]
[2020.10.02-17.24.36:253][  0]LogConfig: Setting CVar [[fx.GPUSimulationTextureSizeY:1024]]
[2020.10.02-17.24.36:253][  0]LogConfig: Setting CVar [[r.AllowGlobalClipPlane:0]]
[2020.10.02-17.24.36:253][  0]LogConfig: Setting CVar [[r.GBufferFormat:1]]
[2020.10.02-17.24.36:253][  0]LogConfig: Setting CVar [[r.MorphTarget.Mode:1]]
[2020.10.02-17.24.36:253][  0]LogConfig: Setting CVar [[vr.InstancedStereo:0]]
[2020.10.02-17.24.36:253][  0]LogConfig: Setting CVar [[r.MobileHDR:1]]
[2020.10.02-17.24.36:253][  0]LogConfig: Setting CVar [[vr.MobileMultiView:0]]
[2020.10.02-17.24.36:253][  0]LogConfig: Setting CVar [[r.Mobile.UseHWsRGBEncoding:0]]
[2020.10.02-17.24.36:253][  0]LogConfig: Setting CVar [[vr.RoundRobinOcclusion:0]]
[2020.10.02-17.24.36:253][  0]LogConfig: Setting CVar [[vr.ODSCapture:0]]
[2020.10.02-17.24.36:253][  0]LogConfig: Setting CVar [[r.MeshStreaming:0]]
[2020.10.02-17.24.36:253][  0]LogConfig: Setting CVar [[r.WireframeCullThreshold:5.000000]]
[2020.10.02-17.24.36:253][  0]LogConfig: Setting CVar [[r.RayTracing:0]]
[2020.10.02-17.24.36:253][  0]LogConfig: Setting CVar [[r.RayTracing.UseTextureLod:0]]
[2020.10.02-17.24.36:253][  0]LogConfig: Setting CVar [[r.SupportStationarySkylight:1]]
[2020.10.02-17.24.36:253][  0]LogConfig: Setting CVar [[r.SupportLowQualityLightmaps:1]]
[2020.10.02-17.24.36:253][  0]LogConfig: Setting CVar [[r.SupportPointLightWholeSceneShadows:1]]
[2020.10.02-17.24.36:253][  0]LogConfig: Setting CVar [[r.SupportAtmosphericFog:1]]
[2020.10.02-17.24.36:253][  0]LogConfig: Setting CVar [[r.SupportSkyAtmosphere:1]]
[2020.10.02-17.24.36:253][  0]LogConfig: Setting CVar [[r.SupportSkyAtmosphereAffectsHeightFog:0]]
[2020.10.02-17.24.36:253][  0]LogConfig: Setting CVar [[r.SkinCache.CompileShaders:0]]
[2020.10.02-17.24.36:253][  0]LogConfig: Setting CVar [[r.SkinCache.DefaultBehavior:1]]
[2020.10.02-17.24.36:253][  0]LogConfig: Setting CVar [[r.SkinCache.SceneMemoryLimitInMB:128.000000]]
[2020.10.02-17.24.36:253][  0]LogConfig: Setting CVar [[r.Mobile.EnableStaticAndCSMShadowReceivers:1]]
[2020.10.02-17.24.36:253][  0]LogConfig: Setting CVar [[r.Mobile.EnableMovableLightCSMShaderCulling:1]]
[2020.10.02-17.24.36:253][  0]LogConfig: Setting CVar [[r.Mobile.AllowDistanceFieldShadows:1]]
[2020.10.02-17.24.36:253][  0]LogConfig: Setting CVar [[r.Mobile.AllowMovableDirectionalLights:1]]
[2020.10.02-17.24.36:253][  0]LogConfig: Setting CVar [[r.MobileNumDynamicPointLights:4]]
[2020.10.02-17.24.36:253][  0]LogConfig: Setting CVar [[r.MobileDynamicPointLightsUseStaticBranch:1]]
[2020.10.02-17.24.36:253][  0]LogConfig: Setting CVar [[r.Mobile.EnableMovableSpotlights:0]]
[2020.10.02-17.24.36:253][  0]LogConfig: Setting CVar [[r.GPUSkin.Support16BitBoneIndex:0]]
[2020.10.02-17.24.36:253][  0]LogConfig: Setting CVar [[r.GPUSkin.Limit2BoneInfluences:0]]
[2020.10.02-17.24.36:253][  0]LogConfig: Setting CVar [[r.SupportDepthOnlyIndexBuffers:1]]
[2020.10.02-17.24.36:253][  0]LogConfig: Setting CVar [[r.SupportReversedIndexBuffers:1]]
[2020.10.02-17.24.36:253][  0]LogConfig: Setting CVar [[r.SupportMaterialLayers:0]]
[2020.10.02-17.24.36:253][  0]LogConfig: Setting CVar [[r.LightPropagationVolume:0]]
[2020.10.02-17.24.36:253][  0]LogConfig: Applying CVar settings from Section [/Script/Engine.RendererOverrideSettings] File [E:/ПроектыGit/Kalcinaciya2/Kalcinaciya/Saved/Config/Windows/Engine.ini]
[2020.10.02-17.24.36:253][  0]LogConfig: Applying CVar settings from Section [/Script/Engine.StreamingSettings] File [E:/ПроектыGit/Kalcinaciya2/Kalcinaciya/Saved/Config/Windows/Engine.ini]
[2020.10.02-17.24.36:253][  0]LogConfig: Setting CVar [[s.MinBulkDataSizeForAsyncLoading:131072]]
[2020.10.02-17.24.36:253][  0]LogConfig: Setting CVar [[s.AsyncLoadingThreadEnabled:0]]
[2020.10.02-17.24.36:253][  0]LogConfig: Setting CVar [[s.EventDrivenLoaderEnabled:1]]
[2020.10.02-17.24.36:253][  0]LogConfig: Setting CVar [[s.WarnIfTimeLimitExceeded:0]]
[2020.10.02-17.24.36:253][  0]LogConfig: Setting CVar [[s.TimeLimitExceededMultiplier:1.5]]
[2020.10.02-17.24.36:253][  0]LogConfig: Setting CVar [[s.TimeLimitExceededMinTime:0.005]]
[2020.10.02-17.24.36:253][  0]LogConfig: Setting CVar [[s.UseBackgroundLevelStreaming:1]]
[2020.10.02-17.24.36:253][  0]LogConfig: Setting CVar [[s.PriorityAsyncLoadingExtraTime:15.0]]
[2020.10.02-17.24.36:253][  0]LogConfig: Setting CVar [[s.LevelStreamingActorsUpdateTimeLimit:5.0]]
[2020.10.02-17.24.36:253][  0]LogConfig: Setting CVar [[s.PriorityLevelStreamingActorsUpdateExtraTime:5.0]]
[2020.10.02-17.24.36:253][  0]LogConfig: Setting CVar [[s.LevelStreamingComponentsRegistrationGranularity:10]]
[2020.10.02-17.24.36:253][  0]LogConfig: Setting CVar [[s.UnregisterComponentsTimeLimit:1.0]]
[2020.10.02-17.24.36:253][  0]LogConfig: Setting CVar [[s.LevelStreamingComponentsUnregistrationGranularity:5]]
[2020.10.02-17.24.36:253][  0]LogConfig: Setting CVar [[s.FlushStreamingOnExit:1]]
[2020.10.02-17.24.36:253][  0]LogConfig: Applying CVar settings from Section [/Script/Engine.GarbageCollectionSettings] File [E:/ПроектыGit/Kalcinaciya2/Kalcinaciya/Saved/Config/Windows/Engine.ini]
[2020.10.02-17.24.36:253][  0]LogConfig: Setting CVar [[gc.MaxObjectsNotConsideredByGC:1]]
[2020.10.02-17.24.36:253][  0]LogConfig: Setting CVar [[gc.SizeOfPermanentObjectPool:0]]
[2020.10.02-17.24.36:253][  0]LogConfig: Setting CVar [[gc.FlushStreamingOnGC:0]]
[2020.10.02-17.24.36:253][  0]LogConfig: Setting CVar [[gc.NumRetriesBeforeForcingGC:10]]
[2020.10.02-17.24.36:253][  0]LogConfig: Setting CVar [[gc.AllowParallelGC:1]]
[2020.10.02-17.24.36:253][  0]LogConfig: Setting CVar [[gc.TimeBetweenPurgingPendingKillObjects:61.1]]
[2020.10.02-17.24.36:253][  0]LogConfig: Setting CVar [[gc.MaxObjectsInEditor:25165824]]
[2020.10.02-17.24.36:253][  0]LogConfig: Setting CVar [[gc.IncrementalBeginDestroyEnabled:1]]
[2020.10.02-17.24.36:253][  0]LogConfig: Setting CVar [[gc.CreateGCClusters:1]]
[2020.10.02-17.24.36:253][  0]LogConfig: Setting CVar [[gc.MinGCClusterSize:5]]
[2020.10.02-17.24.36:253][  0]LogConfig: Setting CVar [[gc.ActorClusteringEnabled:0]]
[2020.10.02-17.24.36:253][  0]LogConfig: Setting CVar [[gc.BlueprintClusteringEnabled:0]]
[2020.10.02-17.24.36:253][  0]LogConfig: Setting CVar [[gc.UseDisregardForGCOnDedicatedServers:0]]
[2020.10.02-17.24.36:253][  0]LogConfig: Applying CVar settings from Section [/Script/Engine.NetworkSettings] File [E:/ПроектыGit/Kalcinaciya2/Kalcinaciya/Saved/Config/Windows/Engine.ini]
[2020.10.02-17.24.36:253][  0]LogConfig: Applying CVar settings from Section [/Script/UnrealEd.CookerSettings] File [E:/ПроектыGit/Kalcinaciya2/Kalcinaciya/Saved/Config/Windows/Engine.ini]
[2020.10.02-17.24.36:259][  0]LogConfig: Applying CVar settings from Section [ViewDistanceQuality@3] File [E:/ПроектыGit/Kalcinaciya2/Kalcinaciya/Saved/Config/Windows/Scalability.ini]
[2020.10.02-17.24.36:259][  0]LogConfig: Setting CVar [[r.SkeletalMeshLODBias:0]]
[2020.10.02-17.24.36:259][  0]LogConfig: Setting CVar [[r.ViewDistanceScale:1.0]]
[2020.10.02-17.24.36:259][  0]LogConfig: Applying CVar settings from Section [AntiAliasingQuality@3] File [E:/ПроектыGit/Kalcinaciya2/Kalcinaciya/Saved/Config/Windows/Scalability.ini]
[2020.10.02-17.24.36:259][  0]LogConfig: Setting CVar [[r.PostProcessAAQuality:4]]
[2020.10.02-17.24.36:259][  0]LogConfig: Applying CVar settings from Section [ShadowQuality@3] File [E:/ПроектыGit/Kalcinaciya2/Kalcinaciya/Saved/Config/Windows/Scalability.ini]
[2020.10.02-17.24.36:259][  0]LogConfig: Setting CVar [[r.LightFunctionQuality:1]]
[2020.10.02-17.24.36:259][  0]LogConfig: Setting CVar [[r.ShadowQuality:5]]
[2020.10.02-17.24.36:259][  0]LogConfig: Setting CVar [[r.Shadow.CSM.MaxCascades:10]]
[2020.10.02-17.24.36:259][  0]LogConfig: Setting CVar [[r.Shadow.MaxResolution:2048]]
[2020.10.02-17.24.36:259][  0]LogConfig: Setting CVar [[r.Shadow.MaxCSMResolution:2048]]
[2020.10.02-17.24.36:259][  0]LogConfig: Setting CVar [[r.Shadow.RadiusThreshold:0.01]]
[2020.10.02-17.24.36:259][  0]LogConfig: Setting CVar [[r.Shadow.DistanceScale:1.0]]
[2020.10.02-17.24.36:259][  0]LogConfig: Setting CVar [[r.Shadow.CSM.TransitionScale:1.0]]
[2020.10.02-17.24.36:259][  0]LogConfig: Setting CVar [[r.Shadow.PreShadowResolutionFactor:1.0]]
[2020.10.02-17.24.36:259][  0]LogConfig: Setting CVar [[r.DistanceFieldShadowing:1]]
[2020.10.02-17.24.36:259][  0]LogConfig: Setting CVar [[r.DistanceFieldAO:1]]
[2020.10.02-17.24.36:259][  0]LogConfig: Setting CVar [[r.AOQuality:2]]
[2020.10.02-17.24.36:259][  0]LogConfig: Setting CVar [[r.VolumetricFog:1]]
[2020.10.02-17.24.36:259][  0]LogConfig: Setting CVar [[r.VolumetricFog.GridPixelSize:8]]
[2020.10.02-17.24.36:259][  0]LogConfig: Setting CVar [[r.VolumetricFog.GridSizeZ:128]]
[2020.10.02-17.24.36:259][  0]LogConfig: Setting CVar [[r.VolumetricFog.HistoryMissSupersampleCount:4]]
[2020.10.02-17.24.36:259][  0]LogConfig: Setting CVar [[r.LightMaxDrawDistanceScale:1]]
[2020.10.02-17.24.36:259][  0]LogConfig: Setting CVar [[r.CapsuleShadows:1]]
[2020.10.02-17.24.36:259][  0]LogConfig: Applying CVar settings from Section [PostProcessQuality@3] File [E:/ПроектыGit/Kalcinaciya2/Kalcinaciya/Saved/Config/Windows/Scalability.ini]
[2020.10.02-17.24.36:259][  0]LogConfig: Setting CVar [[r.MotionBlurQuality:4]]
[2020.10.02-17.24.36:259][  0]LogConfig: Setting CVar [[r.AmbientOcclusionMipLevelFactor:0.4]]
[2020.10.02-17.24.36:259][  0]LogConfig: Setting CVar [[r.AmbientOcclusionMaxQuality:100]]
[2020.10.02-17.24.36:259][  0]LogConfig: Setting CVar [[r.AmbientOcclusionLevels:-1]]
[2020.10.02-17.24.36:259][  0]LogConfig: Setting CVar [[r.AmbientOcclusionRadiusScale:1.0]]
[2020.10.02-17.24.36:259][  0]LogConfig: Setting CVar [[r.DepthOfFieldQuality:2]]
[2020.10.02-17.24.36:259][  0]LogConfig: Setting CVar [[r.RenderTargetPoolMin:400]]
[2020.10.02-17.24.36:259][  0]LogConfig: Setting CVar [[r.LensFlareQuality:2]]
[2020.10.02-17.24.36:259][  0]LogConfig: Setting CVar [[r.SceneColorFringeQuality:1]]
[2020.10.02-17.24.36:259][  0]LogConfig: Setting CVar [[r.EyeAdaptationQuality:2]]
[2020.10.02-17.24.36:259][  0]LogConfig: Setting CVar [[r.BloomQuality:5]]
[2020.10.02-17.24.36:259][  0]LogConfig: Setting CVar [[r.FastBlurThreshold:100]]
[2020.10.02-17.24.36:259][  0]LogConfig: Setting CVar [[r.Upscale.Quality:3]]
[2020.10.02-17.24.36:259][  0]LogConfig: Setting CVar [[r.Tonemapper.GrainQuantization:1]]
[2020.10.02-17.24.36:259][  0]LogConfig: Setting CVar [[r.LightShaftQuality:1]]
[2020.10.02-17.24.36:259][  0]LogConfig: Setting CVar [[r.Filter.SizeScale:1]]
[2020.10.02-17.24.36:259][  0]LogConfig: Setting CVar [[r.Tonemapper.Quality:5]]
[2020.10.02-17.24.36:259][  0]LogConfig: Setting CVar [[r.DOF.Gather.AccumulatorQuality:1        ; higher gathering accumulator quality]]
[2020.10.02-17.24.36:259][  0]LogConfig: Setting CVar [[r.DOF.Gather.PostfilterMethod:1          ; Median3x3 postfilering method]]
[2020.10.02-17.24.36:259][  0]LogConfig: Setting CVar [[r.DOF.Gather.EnableBokehSettings:0       ; no bokeh simulation when gathering]]
[2020.10.02-17.24.36:259][  0]LogConfig: Setting CVar [[r.DOF.Gather.RingCount:4                 ; medium number of samples when gathering]]
[2020.10.02-17.24.36:259][  0]LogConfig: Setting CVar [[r.DOF.Scatter.ForegroundCompositing:1    ; additive foreground scattering]]
[2020.10.02-17.24.36:259][  0]LogConfig: Setting CVar [[r.DOF.Scatter.BackgroundCompositing:2    ; additive background scattering]]
[2020.10.02-17.24.36:259][  0]LogConfig: Setting CVar [[r.DOF.Scatter.EnableBokehSettings:1      ; bokeh simulation when scattering]]
[2020.10.02-17.24.36:259][  0]LogConfig: Setting CVar [[r.DOF.Scatter.MaxSpriteRatio:0.1         ; only a maximum of 10% of scattered bokeh]]
[2020.10.02-17.24.36:259][  0]LogConfig: Setting CVar [[r.DOF.Recombine.Quality:1                ; cheap slight out of focus]]
[2020.10.02-17.24.36:259][  0]LogConfig: Setting CVar [[r.DOF.Recombine.EnableBokehSettings:0    ; no bokeh simulation on slight out of focus]]
[2020.10.02-17.24.36:259][  0]LogConfig: Setting CVar [[r.DOF.TemporalAAQuality:1                ; more stable temporal accumulation]]
[2020.10.02-17.24.36:259][  0]LogConfig: Setting CVar [[r.DOF.Kernel.MaxForegroundRadius:0.025]]
[2020.10.02-17.24.36:259][  0]LogConfig: Setting CVar [[r.DOF.Kernel.MaxBackgroundRadius:0.025]]
[2020.10.02-17.24.36:259][  0]LogConfig: Applying CVar settings from Section [TextureQuality@3] File [E:/ПроектыGit/Kalcinaciya2/Kalcinaciya/Saved/Config/Windows/Scalability.ini]
[2020.10.02-17.24.36:259][  0]LogConfig: Setting CVar [[r.Streaming.MipBias:0]]
[2020.10.02-17.24.36:259][  0]LogConfig: Setting CVar [[r.Streaming.AmortizeCPUToGPUCopy:0]]
[2020.10.02-17.24.36:259][  0]LogConfig: Setting CVar [[r.Streaming.MaxNumTexturesToStreamPerFrame:0]]
[2020.10.02-17.24.36:259][  0]LogConfig: Setting CVar [[r.Streaming.Boost:1]]
[2020.10.02-17.24.36:259][  0]LogConfig: Setting CVar [[r.MaxAnisotropy:8]]
[2020.10.02-17.24.36:259][  0]LogConfig: Setting CVar [[r.VT.MaxAnisotropy:8]]
[2020.10.02-17.24.36:259][  0]LogConfig: Setting CVar [[r.Streaming.LimitPoolSizeToVRAM:0]]
[2020.10.02-17.24.36:259][  0]LogConfig: Setting CVar [[r.Streaming.PoolSize:1000]]
[2020.10.02-17.24.36:259][  0]LogConfig: Setting CVar [[r.Streaming.MaxEffectiveScreenSize:0]]
[2020.10.02-17.24.36:259][  0]LogConfig: Applying CVar settings from Section [EffectsQuality@3] File [E:/ПроектыGit/Kalcinaciya2/Kalcinaciya/Saved/Config/Windows/Scalability.ini]
[2020.10.02-17.24.36:259][  0]LogConfig: Setting CVar [[r.TranslucencyLightingVolumeDim:64]]
[2020.10.02-17.24.36:259][  0]LogConfig: Setting CVar [[r.RefractionQuality:2]]
[2020.10.02-17.24.36:259][  0]LogConfig: Setting CVar [[r.SSR.Quality:3]]
[2020.10.02-17.24.36:260][  0]LogConfig: Setting CVar [[r.SSR.HalfResSceneColor:0]]
[2020.10.02-17.24.36:260][  0]LogConfig: Setting CVar [[r.SceneColorFormat:4]]
[2020.10.02-17.24.36:260][  0]LogConfig: Setting CVar [[r.DetailMode:2]]
[2020.10.02-17.24.36:260][  0]LogConfig: Setting CVar [[r.TranslucencyVolumeBlur:1]]
[2020.10.02-17.24.36:260][  0]LogConfig: Setting CVar [[r.MaterialQualityLevel:1 ; High quality]]
[2020.10.02-17.24.36:260][  0]LogConfig: Setting CVar [[r.SSS.Scale:1]]
[2020.10.02-17.24.36:260][  0]LogConfig: Setting CVar [[r.SSS.SampleSet:2]]
[2020.10.02-17.24.36:260][  0]LogConfig: Setting CVar [[r.SSS.Quality:1]]
[2020.10.02-17.24.36:260][  0]LogConfig: Setting CVar [[r.SSS.HalfRes:0]]
[2020.10.02-17.24.36:260][  0]LogConfig: Setting CVar [[r.SSGI.Quality:3]]
[2020.10.02-17.24.36:260][  0]LogConfig: Setting CVar [[r.EmitterSpawnRateScale:1.0]]
[2020.10.02-17.24.36:260][  0]LogConfig: Setting CVar [[r.ParticleLightQuality:2]]
[2020.10.02-17.24.36:260][  0]LogConfig: Setting CVar [[r.SkyAtmosphere.AerialPerspectiveLUT.FastApplyOnOpaque:1 ; Always have FastSkyLUT 1 in this case to avoid wrong sky]]
[2020.10.02-17.24.36:260][  0]LogConfig: Setting CVar [[r.SkyAtmosphere.AerialPerspectiveLUT.SampleCountPerSlice:1]]
[2020.10.02-17.24.36:260][  0]LogConfig: Setting CVar [[r.SkyAtmosphere.AerialPerspectiveLUT.DepthResolution:16.0]]
[2020.10.02-17.24.36:260][  0]LogConfig: Setting CVar [[r.SkyAtmosphere.FastSkyLUT:1]]
[2020.10.02-17.24.36:260][  0]LogConfig: Setting CVar [[r.SkyAtmosphere.FastSkyLUT.SampleCountMin:4.0]]
[2020.10.02-17.24.36:260][  0]LogConfig: Setting CVar [[r.SkyAtmosphere.FastSkyLUT.SampleCountMax:32.0]]
[2020.10.02-17.24.36:260][  0]LogConfig: Setting CVar [[r.SkyAtmosphere.SampleCountMin:4.0]]
[2020.10.02-17.24.36:260][  0]LogConfig: Setting CVar [[r.SkyAtmosphere.SampleCountMax:32.0]]
[2020.10.02-17.24.36:260][  0]LogConfig: Setting CVar [[r.SkyAtmosphere.TransmittanceLUT.UseSmallFormat:0]]
[2020.10.02-17.24.36:260][  0]LogConfig: Setting CVar [[r.SkyAtmosphere.TransmittanceLUT.SampleCount:10.0]]
[2020.10.02-17.24.36:260][  0]LogConfig: Setting CVar [[r.SkyAtmosphere.MultiScatteringLUT.SampleCount:15.0]]
[2020.10.02-17.24.36:260][  0]LogConfig: Applying CVar settings from Section [FoliageQuality@3] File [E:/ПроектыGit/Kalcinaciya2/Kalcinaciya/Saved/Config/Windows/Scalability.ini]
[2020.10.02-17.24.36:260][  0]LogConfig: Setting CVar [[foliage.DensityScale:1.0]]
[2020.10.02-17.24.36:260][  0]LogConfig: Setting CVar [[grass.DensityScale:1.0]]
[2020.10.02-17.24.36:260][  0]LogConfig: Applying CVar settings from Section [ShadingQuality@3] File [E:/ПроектыGit/Kalcinaciya2/Kalcinaciya/Saved/Config/Windows/Scalability.ini]
[2020.10.02-17.24.36:260][  0]LogConfig: Setting CVar [[r.HairStrands.SkyLighting.SampleCount:16]]
[2020.10.02-17.24.36:260][  0]LogConfig: Setting CVar [[r.HairStrands.SkyLighting.JitterIntegration:0]]
[2020.10.02-17.24.36:260][  0]LogConfig: Setting CVar [[r.HairStrands.SkyAO.SampleCount:16]]
[2020.10.02-17.24.36:260][  0]LogConfig: Setting CVar [[r.HairStrands.DeepShadow.SuperSampling:0]]
[2020.10.02-17.24.36:260][  0]LogConfig: Setting CVar [[r.HairStrands.VisibilityPPLL:0]]
[2020.10.02-17.24.36:260][  0]LogConfig: Setting CVar [[r.HairStrands.RasterizationScale:0.5]]
[2020.10.02-17.24.36:260][  0]LogConfig: Setting CVar [[r.HairStrands.VelocityRasterizationScale:1]]
[2020.10.02-17.24.36:260][  0]LogInit: Selected Device Profile: [Windows]
[2020.10.02-17.24.36:260][  0]LogInit: Applying CVar settings loaded from the selected device profile: [Windows]
[2020.10.02-17.24.36:260][  0]LogHAL: Display: Platform has ~ 16 GB [17125462016 / 17179869184 / 16], which maps to Larger [LargestMinGB=32, LargerMinGB=12, DefaultMinGB=8, SmallerMinGB=6, SmallestMinGB=0)
[2020.10.02-17.24.36:260][  0]LogInit: Going up to parent DeviceProfile []
[2020.10.02-17.24.36:260][  0]LogConfig: Applying CVar settings from Section [ViewDistanceQuality@Cine] File [E:/ПроектыGit/Kalcinaciya2/Kalcinaciya/Saved/Config/Windows/Scalability.ini]
[2020.10.02-17.24.36:260][  0]LogConfig: Setting CVar [[r.SkeletalMeshLODBias:0]]
[2020.10.02-17.24.36:260][  0]LogConfig: Setting CVar [[r.ViewDistanceScale:10.0]]
[2020.10.02-17.24.36:260][  0]LogConfig: Applying CVar settings from Section [AntiAliasingQuality@Cine] File [E:/ПроектыGit/Kalcinaciya2/Kalcinaciya/Saved/Config/Windows/Scalability.ini]
[2020.10.02-17.24.36:260][  0]LogConfig: Setting CVar [[r.PostProcessAAQuality:6]]
[2020.10.02-17.24.36:260][  0]LogConfig: Applying CVar settings from Section [ShadowQuality@Cine] File [E:/ПроектыGit/Kalcinaciya2/Kalcinaciya/Saved/Config/Windows/Scalability.ini]
[2020.10.02-17.24.36:260][  0]LogConfig: Setting CVar [[r.LightFunctionQuality:1]]
[2020.10.02-17.24.36:260][  0]LogConfig: Setting CVar [[r.ShadowQuality:5]]
[2020.10.02-17.24.36:260][  0]LogConfig: Setting CVar [[r.Shadow.CSM.MaxCascades:10]]
[2020.10.02-17.24.36:260][  0]LogConfig: Setting CVar [[r.Shadow.MaxResolution:4096]]
[2020.10.02-17.24.36:260][  0]LogConfig: Setting CVar [[r.Shadow.MaxCSMResolution:4096]]
[2020.10.02-17.24.36:260][  0]LogConfig: Setting CVar [[r.Shadow.RadiusThreshold:0]]
[2020.10.02-17.24.36:260][  0]LogConfig: Setting CVar [[r.Shadow.DistanceScale:1.0]]
[2020.10.02-17.24.36:260][  0]LogConfig: Setting CVar [[r.Shadow.CSM.TransitionScale:1.0]]
[2020.10.02-17.24.36:260][  0]LogConfig: Setting CVar [[r.Shadow.PreShadowResolutionFactor:1.0]]
[2020.10.02-17.24.36:260][  0]LogConfig: Setting CVar [[r.DistanceFieldShadowing:1]]
[2020.10.02-17.24.36:260][  0]LogConfig: Setting CVar [[r.DistanceFieldAO:1]]
[2020.10.02-17.24.36:260][  0]LogConfig: Setting CVar [[r.AOQuality:2]]
[2020.10.02-17.24.36:260][  0]LogConfig: Setting CVar [[r.VolumetricFog:1]]
[2020.10.02-17.24.36:260][  0]LogConfig: Setting CVar [[r.VolumetricFog.GridPixelSize:4]]
[2020.10.02-17.24.36:260][  0]LogConfig: Setting CVar [[r.VolumetricFog.GridSizeZ:128]]
[2020.10.02-17.24.36:260][  0]LogConfig: Setting CVar [[r.VolumetricFog.HistoryMissSupersampleCount:16]]
[2020.10.02-17.24.36:260][  0]LogConfig: Setting CVar [[r.LightMaxDrawDistanceScale:1]]
[2020.10.02-17.24.36:260][  0]LogConfig: Setting CVar [[r.CapsuleShadows:1]]
[2020.10.02-17.24.36:260][  0]LogConfig: Applying CVar settings from Section [PostProcessQuality@Cine] File [E:/ПроектыGit/Kalcinaciya2/Kalcinaciya/Saved/Config/Windows/Scalability.ini]
[2020.10.02-17.24.36:260][  0]LogConfig: Setting CVar [[r.MotionBlurQuality:4]]
[2020.10.02-17.24.36:260][  0]LogConfig: Setting CVar [[r.AmbientOcclusionMipLevelFactor:0.4]]
[2020.10.02-17.24.36:260][  0]LogConfig: Setting CVar [[r.AmbientOcclusionMaxQuality:100]]
[2020.10.02-17.24.36:260][  0]LogConfig: Setting CVar [[r.AmbientOcclusionLevels:-1]]
[2020.10.02-17.24.36:260][  0]LogConfig: Setting CVar [[r.AmbientOcclusionRadiusScale:1.0]]
[2020.10.02-17.24.36:260][  0]LogConfig: Setting CVar [[r.DepthOfFieldQuality:4]]
[2020.10.02-17.24.36:260][  0]LogConfig: Setting CVar [[r.RenderTargetPoolMin:1000]]
[2020.10.02-17.24.36:260][  0]LogConfig: Setting CVar [[r.LensFlareQuality:3]]
[2020.10.02-17.24.36:260][  0]LogConfig: Setting CVar [[r.SceneColorFringeQuality:1]]
[2020.10.02-17.24.36:260][  0]LogConfig: Setting CVar [[r.EyeAdaptationQuality:2]]
[2020.10.02-17.24.36:260][  0]LogConfig: Setting CVar [[r.BloomQuality:5]]
[2020.10.02-17.24.36:260][  0]LogConfig: Setting CVar [[r.FastBlurThreshold:100]]
[2020.10.02-17.24.36:260][  0]LogConfig: Setting CVar [[r.Upscale.Quality:3]]
[2020.10.02-17.24.36:260][  0]LogConfig: Setting CVar [[r.Tonemapper.GrainQuantization:1]]
[2020.10.02-17.24.36:260][  0]LogConfig: Setting CVar [[r.LightShaftQuality:1]]
[2020.10.02-17.24.36:260][  0]LogConfig: Setting CVar [[r.Filter.SizeScale:1]]
[2020.10.02-17.24.36:260][  0]LogConfig: Setting CVar [[r.Tonemapper.Quality:5]]
[2020.10.02-17.24.36:260][  0]LogConfig: Setting CVar [[r.DOF.Gather.AccumulatorQuality:1        ; higher gathering accumulator quality]]
[2020.10.02-17.24.36:260][  0]LogConfig: Setting CVar [[r.DOF.Gather.PostfilterMethod:1          ; Median3x3 postfilering method]]
[2020.10.02-17.24.36:260][  0]LogConfig: Setting CVar [[r.DOF.Gather.EnableBokehSettings:1       ; bokeh simulation when gathering]]
[2020.10.02-17.24.36:260][  0]LogConfig: Setting CVar [[r.DOF.Gather.RingCount:5                 ; high number of samples when gathering]]
[2020.10.02-17.24.36:260][  0]LogConfig: Setting CVar [[r.DOF.Scatter.ForegroundCompositing:1    ; additive foreground scattering]]
[2020.10.02-17.24.36:260][  0]LogConfig: Setting CVar [[r.DOF.Scatter.BackgroundCompositing:2    ; background scattering occlusion]]
[2020.10.02-17.24.36:261][  0]LogConfig: Setting CVar [[r.DOF.Scatter.EnableBokehSettings:1      ; no bokeh simulation when scattering]]
[2020.10.02-17.24.36:261][  0]LogConfig: Setting CVar [[r.DOF.Scatter.MaxSpriteRatio:0.25        ; only a maximum of 10% of scattered bokeh]]
[2020.10.02-17.24.36:261][  0]LogConfig: Setting CVar [[r.DOF.Recombine.Quality:2                ; highest slight out of focus]]
[2020.10.02-17.24.36:261][  0]LogConfig: Setting CVar [[r.DOF.Recombine.EnableBokehSettings:1    ; bokeh simulation on slight out of focus]]
[2020.10.02-17.24.36:261][  0]LogConfig: Setting CVar [[r.DOF.TemporalAAQuality:1                ; more stable temporal accumulation]]
[2020.10.02-17.24.36:261][  0]LogConfig: Setting CVar [[r.DOF.Kernel.MaxForegroundRadius:0.025]]
[2020.10.02-17.24.36:261][  0]LogConfig: Setting CVar [[r.DOF.Kernel.MaxBackgroundRadius:0.025]]
[2020.10.02-17.24.36:261][  0]LogConfig: Applying CVar settings from Section [TextureQuality@Cine] File [E:/ПроектыGit/Kalcinaciya2/Kalcinaciya/Saved/Config/Windows/Scalability.ini]
[2020.10.02-17.24.36:261][  0]LogConfig: Setting CVar [[r.Streaming.MipBias:0]]
[2020.10.02-17.24.36:261][  0]LogConfig: Setting CVar [[r.Streaming.AmortizeCPUToGPUCopy:0]]
[2020.10.02-17.24.36:261][  0]LogConfig: Setting CVar [[r.Streaming.MaxNumTexturesToStreamPerFrame:0]]
[2020.10.02-17.24.36:261][  0]LogConfig: Setting CVar [[r.Streaming.Boost:1]]
[2020.10.02-17.24.36:261][  0]LogConfig: Setting CVar [[r.MaxAnisotropy:8]]
[2020.10.02-17.24.36:261][  0]LogConfig: Setting CVar [[r.VT.MaxAnisotropy:8]]
[2020.10.02-17.24.36:261][  0]LogConfig: Setting CVar [[r.Streaming.LimitPoolSizeToVRAM:0]]
[2020.10.02-17.24.36:261][  0]LogConfig: Setting CVar [[r.Streaming.PoolSize:3000]]
[2020.10.02-17.24.36:261][  0]LogConfig: Setting CVar [[r.Streaming.MaxEffectiveScreenSize:0]]
[2020.10.02-17.24.36:261][  0]LogConfig: Applying CVar settings from Section [EffectsQuality@Cine] File [E:/ПроектыGit/Kalcinaciya2/Kalcinaciya/Saved/Config/Windows/Scalability.ini]
[2020.10.02-17.24.36:261][  0]LogConfig: Setting CVar [[r.TranslucencyLightingVolumeDim:64]]
[2020.10.02-17.24.36:261][  0]LogConfig: Setting CVar [[r.RefractionQuality:2]]
[2020.10.02-17.24.36:261][  0]LogConfig: Setting CVar [[r.SSR.Quality:4]]
[2020.10.02-17.24.36:261][  0]LogConfig: Setting CVar [[r.SSR.HalfResSceneColor:0]]
[2020.10.02-17.24.36:261][  0]LogConfig: Setting CVar [[r.SceneColorFormat:4]]
[2020.10.02-17.24.36:261][  0]LogConfig: Setting CVar [[r.DetailMode:2]]
[2020.10.02-17.24.36:261][  0]LogConfig: Setting CVar [[r.TranslucencyVolumeBlur:1]]
[2020.10.02-17.24.36:261][  0]LogConfig: Setting CVar [[r.MaterialQualityLevel:1 ; High quality]]
[2020.10.02-17.24.36:261][  0]LogConfig: Setting CVar [[r.SSS.Scale:1]]
[2020.10.02-17.24.36:261][  0]LogConfig: Setting CVar [[r.SSS.SampleSet:2]]
[2020.10.02-17.24.36:261][  0]LogConfig: Setting CVar [[r.SSS.Quality:1]]
[2020.10.02-17.24.36:261][  0]LogConfig: Setting CVar [[r.SSS.HalfRes:0]]
[2020.10.02-17.24.36:261][  0]LogConfig: Setting CVar [[r.SSGI.Quality:4]]
[2020.10.02-17.24.36:261][  0]LogConfig: Setting CVar [[r.EmitterSpawnRateScale:1.0]]
[2020.10.02-17.24.36:261][  0]LogConfig: Setting CVar [[r.ParticleLightQuality:2]]
[2020.10.02-17.24.36:261][  0]LogConfig: Setting CVar [[r.SkyAtmosphere.AerialPerspectiveLUT.FastApplyOnOpaque:0]]
[2020.10.02-17.24.36:261][  0]LogConfig: Setting CVar [[r.SkyAtmosphere.AerialPerspectiveLUT.SampleCountPerSlice:2]]
[2020.10.02-17.24.36:261][  0]LogConfig: Setting CVar [[r.SkyAtmosphere.AerialPerspectiveLUT.DepthResolution:32.0]]
[2020.10.02-17.24.36:261][  0]LogConfig: Setting CVar [[r.SkyAtmosphere.FastSkyLUT:0]]
[2020.10.02-17.24.36:261][  0]LogConfig: Setting CVar [[r.SkyAtmosphere.FastSkyLUT.SampleCountMin:4.0]]
[2020.10.02-17.24.36:261][  0]LogConfig: Setting CVar [[r.SkyAtmosphere.FastSkyLUT.SampleCountMax:32.0]]
[2020.10.02-17.24.36:261][  0]LogConfig: Setting CVar [[r.SkyAtmosphere.SampleCountMin:8.0]]
[2020.10.02-17.24.36:261][  0]LogConfig: Setting CVar [[r.SkyAtmosphere.SampleCountMax:32.0]]
[2020.10.02-17.24.36:261][  0]LogConfig: Setting CVar [[r.SkyAtmosphere.TransmittanceLUT.UseSmallFormat:0]]
[2020.10.02-17.24.36:261][  0]LogConfig: Setting CVar [[r.SkyAtmosphere.TransmittanceLUT.SampleCount:30.0]]
[2020.10.02-17.24.36:261][  0]LogConfig: Setting CVar [[r.SkyAtmosphere.MultiScatteringLUT.SampleCount:20.0]]
[2020.10.02-17.24.36:261][  0]LogConfig: Applying CVar settings from Section [FoliageQuality@Cine] File [E:/ПроектыGit/Kalcinaciya2/Kalcinaciya/Saved/Config/Windows/Scalability.ini]
[2020.10.02-17.24.36:261][  0]LogConfig: Setting CVar [[foliage.DensityScale:1.0]]
[2020.10.02-17.24.36:261][  0]LogConfig: Setting CVar [[grass.DensityScale:1.0]]
[2020.10.02-17.24.36:261][  0]LogConfig: Applying CVar settings from Section [ShadingQuality@Cine] File [E:/ПроектыGit/Kalcinaciya2/Kalcinaciya/Saved/Config/Windows/Scalability.ini]
[2020.10.02-17.24.36:261][  0]LogConfig: Setting CVar [[r.HairStrands.SkyLighting.SampleCount:64]]
[2020.10.02-17.24.36:261][  0]LogConfig: Setting CVar [[r.HairStrands.SkyLighting.JitterIntegration:1]]
[2020.10.02-17.24.36:261][  0]LogConfig: Setting CVar [[r.HairStrands.SkyAO.SampleCount:32]]
[2020.10.02-17.24.36:261][  0]LogConfig: Setting CVar [[r.HairStrands.DeepShadow.SuperSampling:1]]
[2020.10.02-17.24.36:261][  0]LogConfig: Setting CVar [[r.HairStrands.RasterizationScale:1]]
[2020.10.02-17.24.36:261][  0]LogConfig: Setting CVar [[r.HairStrands.VelocityRasterizationScale:1]]
[2020.10.02-17.24.36:261][  0]LogConfig: Setting CVar [[r.HairStrands.VisibilityPPLL:1]]
[2020.10.02-17.24.36:261][  0]LogConfig: Applying CVar settings from Section [Startup] File [../../../Engine/Config/ConsoleVariables.ini]
[2020.10.02-17.24.36:261][  0]LogConfig: Setting CVar [[net.UseAdaptiveNetUpdateFrequency:0]]
[2020.10.02-17.24.36:261][  0]LogConfig: Setting CVar [[p.chaos.AllowCreatePhysxBodies:1]]
[2020.10.02-17.24.36:261][  0]LogConfig: Setting CVar [[fx.SkipVectorVMBackendOptimizations:1]]
[2020.10.02-17.24.36:261][  0]LogConfig: Applying CVar settings from Section [ConsoleVariables] File [E:/ПроектыGit/Kalcinaciya2/Kalcinaciya/Saved/Config/Windows/Engine.ini]
[2020.10.02-17.24.36:261][  0]LogInit: Computer: COMPUTER
[2020.10.02-17.24.36:261][  0]LogInit: User: llblackll
[2020.10.02-17.24.36:261][  0]LogInit: CPU Page size=4096, Cores=8
[2020.10.02-17.24.36:261][  0]LogInit: High frequency timer resolution =10.000000 MHz
[2020.10.02-17.24.36:262][  0]LogMemory: Memory total: Physical=15.9GB (16GB approx)
[2020.10.02-17.24.36:262][  0]LogMemory: Platform Memory Stats for Windows
[2020.10.02-17.24.36:262][  0]LogMemory: Process Physical Memory: 116.18 MB used, 116.19 MB peak
[2020.10.02-17.24.36:262][  0]LogMemory: Process Virtual Memory: 98.96 MB used, 98.96 MB peak
[2020.10.02-17.24.36:262][  0]LogMemory: Physical Memory: 7032.40 MB used,  9299.71 MB free, 16332.11 MB total
[2020.10.02-17.24.36:262][  0]LogMemory: Virtual Memory: 5203.95 MB used,  134212520.00 MB free, 134217728.00 MB total
[2020.10.02-17.24.36:267][  0]LogWindows: WindowsPlatformFeatures enabled
[2020.10.02-17.24.36:292][  0]LogInit: Physics initialised using underlying interface: PhysX
[2020.10.02-17.24.36:292][  0]LogInit: Using OS detected language (ru-RU).
[2020.10.02-17.24.36:292][  0]LogInit: Using OS detected locale (ru-RU).
[2020.10.02-17.24.36:296][  0]LogTextLocalizationManager: No specific localization for 'ru-RU' exists, so the 'ru' localization will be used.
[2020.10.02-17.24.36:296][  0]LogTextLocalizationResource: LocRes '../../../Engine/Content/Localization/Editor/ru/Editor.locres' could not be opened for reading!
[2020.10.02-17.24.36:296][  0]LogTextLocalizationResource: LocRes '../../../Engine/Content/Localization/EditorTutorials/ru/EditorTutorials.locres' could not be opened for reading!
[2020.10.02-17.24.36:296][  0]LogTextLocalizationResource: LocRes '../../../Engine/Content/Localization/Keywords/ru/Keywords.locres' could not be opened for reading!
[2020.10.02-17.24.36:296][  0]LogTextLocalizationResource: LocRes '../../../Engine/Content/Localization/Category/ru/Category.locres' could not be opened for reading!
[2020.10.02-17.24.36:297][  0]LogTextLocalizationResource: LocRes '../../../Engine/Content/Localization/ToolTips/ru/ToolTips.locres' could not be opened for reading!
[2020.10.02-17.24.36:297][  0]LogTextLocalizationResource: LocRes '../../../Engine/Content/Localization/PropertyNames/ru/PropertyNames.locres' could not be opened for reading!
[2020.10.02-17.24.36:297][  0]LogTextLocalizationResource: LocRes '../../../Engine/Content/Localization/Engine/ru/Engine.locres' could not be opened for reading!
[2020.10.02-17.24.36:297][  0]LogInit: Setting process to per monitor DPI aware
[2020.10.02-17.24.36:329][  0]LogSlate: New Slate User Created.  User Index 0, Is Virtual User: 0
[2020.10.02-17.24.36:329][  0]LogSlate: Slate User Registered.  User Index 0, Is Virtual User: 0
[2020.10.02-17.24.36:427][  0]LogHMD: Failed to initialize OpenVR with code 110
[2020.10.02-17.24.36:427][  0]LogD3D11RHI: D3D11 min allowed feature level: 11_0
[2020.10.02-17.24.36:427][  0]LogD3D11RHI: D3D11 max allowed feature level: 11_0
[2020.10.02-17.24.36:427][  0]LogD3D11RHI: D3D11 adapters:
[2020.10.02-17.24.36:458][  0]LogD3D11RHI:    0. 'AMD Radeon RX 5700 XT' (Feature Level 11_0)
[2020.10.02-17.24.36:458][  0]LogD3D11RHI:       8151/0/8166 MB DedicatedVideo/DedicatedSystem/SharedSystem, Outputs:2, VendorId:0x1002
[2020.10.02-17.24.36:460][  0]LogD3D11RHI:    1. 'Microsoft Basic Render Driver' (Feature Level 11_0)
[2020.10.02-17.24.36:460][  0]LogD3D11RHI:       0/0/8166 MB DedicatedVideo/DedicatedSystem/SharedSystem, Outputs:0, VendorId:0x1414
[2020.10.02-17.24.36:460][  0]LogD3D11RHI: Chosen D3D11 Adapter: 0
[2020.10.02-17.24.36:501][  0]LogD3D11RHI: Creating new Direct3DDevice
[2020.10.02-17.24.36:501][  0]LogD3D11RHI:     GPU DeviceId: 0x731f (for the marketing name, search the web for "GPU Device Id")
[2020.10.02-17.24.36:501][  0]LogWindows: EnumDisplayDevices:
[2020.10.02-17.24.36:502][  0]LogWindows:    0. 'AMD Radeon RX 5700 XT' (P:1 D:1)
[2020.10.02-17.24.36:502][  0]LogWindows:    1. 'AMD Radeon RX 5700 XT' (P:0 D:1)
[2020.10.02-17.24.36:502][  0]LogWindows:    2. 'AMD Radeon RX 5700 XT' (P:0 D:0)
[2020.10.02-17.24.36:502][  0]LogWindows:    3. 'AMD Radeon RX 5700 XT' (P:0 D:0)
[2020.10.02-17.24.36:503][  0]LogWindows:    4. 'AMD Radeon RX 5700 XT' (P:0 D:0)
[2020.10.02-17.24.36:503][  0]LogWindows:    5. 'AMD Radeon RX 5700 XT' (P:0 D:0)
[2020.10.02-17.24.36:503][  0]LogWindows:    6. 'AMD Radeon RX 5700 XT' (P:0 D:0)
[2020.10.02-17.24.36:503][  0]LogWindows:    7. 'AMD Radeon RX 5700 XT' (P:0 D:0)
[2020.10.02-17.24.36:504][  0]LogWindows: DebugString: FoundDriverCount:8 
[2020.10.02-17.24.36:504][  0]LogD3D11RHI:     Adapter Name: AMD Radeon RX 5700 XT
[2020.10.02-17.24.36:504][  0]LogD3D11RHI:   Driver Version: Adrenalin 2020 20.9.2 (internal:27.20.12031.1000, unified:27.20.12031.1000)
[2020.10.02-17.24.36:504][  0]LogD3D11RHI:      Driver Date: 9-22-2020
[2020.10.02-17.24.36:504][  0]LogRHI: Texture pool is 4849 MB (70% of 6928 MB)
[2020.10.02-17.24.36:549][  0]LogD3D11RHI: RHI has support for 64 bit atomics
[2020.10.02-17.24.36:549][  0]LogD3D11RHI: Async texture creation enabled
[2020.10.02-17.24.36:549][  0]LogD3D11RHI: Array index from any shader is supported
[2020.10.02-17.24.36:568][  0]LogD3D11RHI: GPU Timing Frequency: 100.000000 (Debug: 2 1)
[2020.10.02-17.24.36:925][  0]LogTargetPlatformManager: Display: Loaded TargetPlatform 'AllDesktop'
[2020.10.02-17.24.36:946][  0]LogTargetPlatformManager: Display: Loaded TargetPlatform 'Android'
[2020.10.02-17.24.36:946][  0]LogTargetPlatformManager: Display: Loaded TargetPlatform 'Android_ASTC'
[2020.10.02-17.24.36:946][  0]LogTargetPlatformManager: Display: Loaded TargetPlatform 'Android_DXT'
[2020.10.02-17.24.36:946][  0]LogTargetPlatformManager: Display: Loaded TargetPlatform 'Android_ETC2'
[2020.10.02-17.24.36:946][  0]LogTargetPlatformManager: Display: Loaded TargetPlatform 'AndroidClient'
[2020.10.02-17.24.36:946][  0]LogTargetPlatformManager: Display: Loaded TargetPlatform 'Android_ASTCClient'
[2020.10.02-17.24.36:946][  0]LogTargetPlatformManager: Display: Loaded TargetPlatform 'Android_DXTClient'
[2020.10.02-17.24.36:946][  0]LogTargetPlatformManager: Display: Loaded TargetPlatform 'Android_ETC2Client'
[2020.10.02-17.24.36:946][  0]LogTargetPlatformManager: Display: Loaded TargetPlatform 'Android_Multi'
[2020.10.02-17.24.36:946][  0]LogTargetPlatformManager: Display: Loaded TargetPlatform 'Android_MultiClient'
[2020.10.02-17.24.36:974][  0]LogTargetPlatformManager: Display: Loaded TargetPlatform 'IOSClient'
[2020.10.02-17.24.36:974][  0]LogTargetPlatformManager: Display: Loaded TargetPlatform 'IOS'
[2020.10.02-17.24.36:984][  0]LogTargetPlatformManager: Display: Loaded TargetPlatform 'Linux'
[2020.10.02-17.24.36:993][  0]LogTargetPlatformManager: Display: Loaded TargetPlatform 'LinuxNoEditor'
[2020.10.02-17.24.37:002][  0]LogTargetPlatformManager: Display: Loaded TargetPlatform 'LinuxClient'
[2020.10.02-17.24.37:010][  0]LogTargetPlatformManager: Display: Loaded TargetPlatform 'LinuxServer'
[2020.10.02-17.24.37:019][  0]LogTargetPlatformManager: Display: Loaded TargetPlatform 'LinuxAArch64NoEditor'
[2020.10.02-17.24.37:027][  0]LogTargetPlatformManager: Display: Loaded TargetPlatform 'LinuxAArch64Client'
[2020.10.02-17.24.37:037][  0]LogTargetPlatformManager: Display: Loaded TargetPlatform 'LinuxAArch64Server'
[2020.10.02-17.24.37:062][  0]LogTargetPlatformManager: Display: Loaded TargetPlatform 'Lumin'
[2020.10.02-17.24.37:062][  0]LogTargetPlatformManager: Display: Loaded TargetPlatform 'LuminClient'
[2020.10.02-17.24.37:076][  0]LogTargetPlatformManager: Display: Loaded TargetPlatform 'TVOSClient'
[2020.10.02-17.24.37:077][  0]LogTargetPlatformManager: Display: Loaded TargetPlatform 'TVOS'
[2020.10.02-17.24.37:086][  0]LogTargetPlatformManager: Display: Loaded TargetPlatform 'WindowsNoEditor'
[2020.10.02-17.24.37:094][  0]LogTargetPlatformManager: Display: Loaded TargetPlatform 'Windows'
[2020.10.02-17.24.37:103][  0]LogTargetPlatformManager: Display: Loaded TargetPlatform 'WindowsClient'
[2020.10.02-17.24.37:112][  0]LogTargetPlatformManager: Display: Loaded TargetPlatform 'WindowsServer'
[2020.10.02-17.24.37:112][  0]LogTargetPlatformManager: Display: Building Assets For Windows
[2020.10.02-17.24.37:120][  0]LogAudioDebug: Display: Lib vorbis DLL was dynamically loaded.
[2020.10.02-17.24.37:173][  0]LogShaderCompilers: Guid format shader working directory is -2 characters bigger than the processId version (../../../../../ПроектыGit/Kalcinaciya2/Kalcinaciya/Intermediate/Shaders/WorkingDirectory/131232/).
[2020.10.02-17.24.37:173][  0]LogShaderCompilers: Cleaned the shader compiler working directory 'C:/Users/llblackll/AppData/Local/Temp/UnrealShaderWorkingDir/68AE472D427821B465C5F4954E5EC238/'.
[2020.10.02-17.24.37:174][  0]LogXGEController: Cannot use XGE Controller as Incredibuild is not installed on this machine.
[2020.10.02-17.24.37:174][  0]LogShaderCompilers: Cannot use XGE Shader Compiler as Incredibuild is not installed on this machine.
[2020.10.02-17.24.37:174][  0]LogShaderCompilers: Display: Using Local Shader Compiler.
[2020.10.02-17.24.37:798][  0]LogDerivedDataCache: Display: Max Cache Size: 512 MB
[2020.10.02-17.24.37:860][  0]LogDerivedDataCache: Loaded boot cache 0.06s 75MB C:/Users/llblackll/AppData/Local/UnrealEngine/4.25/DerivedDataCache/Boot.ddc.
[2020.10.02-17.24.37:860][  0]LogDerivedDataCache: Display: Loaded Boot cache: C:/Users/llblackll/AppData/Local/UnrealEngine/4.25/DerivedDataCache/Boot.ddc
[2020.10.02-17.24.37:860][  0]LogDerivedDataCache: FDerivedDataBackendGraph:  Pak pak cache file ../../../../../ПроектыGit/Kalcinaciya2/Kalcinaciya/DerivedDataCache/DDC.ddp not found, will not use a pak cache.
[2020.10.02-17.24.37:860][  0]LogDerivedDataCache: Unable to find inner node Pak for hierarchical cache Hierarchy.
[2020.10.02-17.24.37:860][  0]LogDerivedDataCache: FDerivedDataBackendGraph:  CompressedPak pak cache file ../../../../../ПроектыGit/Kalcinaciya2/Kalcinaciya/DerivedDataCache/Compressed.ddp not found, will not use a pak cache.
[2020.10.02-17.24.37:860][  0]LogDerivedDataCache: Unable to find inner node CompressedPak for hierarchical cache Hierarchy.
[2020.10.02-17.24.37:870][  0]LogDerivedDataCache: Display: Pak cache opened for reading ../../../Engine/DerivedDataCache/Compressed.ddp.
[2020.10.02-17.24.37:870][  0]LogDerivedDataCache: FDerivedDataBackendGraph:  EnterprisePak pak cache file ../../../Enterprise/DerivedDataCache/Compressed.ddp not found, will not use a pak cache.
[2020.10.02-17.24.37:870][  0]LogDerivedDataCache: Unable to find inner node EnterprisePak for hierarchical cache Hierarchy.
[2020.10.02-17.24.37:871][  0]LogDerivedDataCache: Using Local data cache path C:/Users/llblackll/AppData/Local/UnrealEngine/Common/DerivedDataCache: Writable
[2020.10.02-17.24.37:871][  0]LogDerivedDataCache: Shared data cache path not found in *engine.ini, will not use an Shared cache.
[2020.10.02-17.24.37:871][  0]LogDerivedDataCache: Unable to find inner node Shared for hierarchical cache Hierarchy.
[2020.10.02-17.24.37:913][  0]LogSlate: Using FreeType 2.10.0
[2020.10.02-17.24.37:913][  0]LogSlate: SlateFontServices - WITH_FREETYPE: 1, WITH_HARFBUZZ: 1
[2020.10.02-17.24.37:936][  0]LogAssetRegistry: FAssetRegistry took 0.0022 seconds to start up
[2020.10.02-17.24.38:150][  0]LogInit: Selected Device Profile: [Windows]
[2020.10.02-17.24.38:243][  0]LogMeshReduction: Using QuadricMeshReduction for automatic static mesh reduction
[2020.10.02-17.24.38:243][  0]LogMeshReduction: Using SimplygonMeshReduction for automatic skeletal mesh reduction
[2020.10.02-17.24.38:243][  0]LogMeshReduction: Using ProxyLODMeshReduction for automatic mesh merging
[2020.10.02-17.24.38:243][  0]LogMeshReduction: No distributed automatic mesh merging module available
[2020.10.02-17.24.38:243][  0]LogMeshMerging: No distributed automatic mesh merging module available
[2020.10.02-17.24.38:259][  0]LogNetVersion: Kalcinaciya 1.0.0, NetCL: 13144385, EngineNetVer: 14, GameNetVer: 0 (Checksum: 2324798525)
[2020.10.02-17.24.38:607][  0]LogAISub: UAISubsystem::UAISubsystem AISubsystem (000001A9719B58C0), frame # 0
[2020.10.02-17.24.38:607][  0]LogAISub: UAISubsystem::UAISubsystem AIPerceptionSystem (000001A971906AC0), frame # 0
[2020.10.02-17.24.38:608][  0]LogAISub: UAISubsystem::UAISubsystem EnvQueryManager (000001A971978A00), frame # 0
[2020.10.02-17.24.38:645][  0]LogPackageLocalizationCache: Processed 21 localized package path(s) for 1 prioritized culture(s) in 0.032161 seconds
[2020.10.02-17.24.38:651][  0]LogUObjectArray: 15917 objects as part of root set at end of initial load.
[2020.10.02-17.24.38:651][  0]LogUObjectAllocator: 3965568 out of 0 bytes used by permanent object pool.
[2020.10.02-17.24.38:651][  0]LogUObjectArray: CloseDisregardForGC: 0/0 objects in disregard for GC pool
[2020.10.02-17.24.38:862][  0]LogPython: Using Python 2.7.14
[2020.10.02-17.24.39:546][  0]LogTcpMessaging: Initializing TcpMessaging bridge
[2020.10.02-17.24.39:550][  0]LogUdpMessaging: Initializing bridge on interface 0.0.0.0:0 to multicast group 230.0.0.1:6666.
[2020.10.02-17.24.39:631][  0]SourceControl: Source control is disabled
[2020.10.02-17.24.39:631][  0]SourceControl: Source control is disabled
[2020.10.02-17.24.39:634][  0]SourceControl: Source control is disabled
[2020.10.02-17.24.39:636][  0]SourceControl: Source control is disabled
[2020.10.02-17.24.39:642][  0]SourceControl: Source control is disabled
[2020.10.02-17.24.39:653][  0]LogVSAccessor: Display: Unable to create Visual Studio setup instance: 80040154
[2020.10.02-17.24.39:653][  0]LogVSAccessor: Display: Unable to create Visual Studio setup instance: 80040154
[2020.10.02-17.24.39:902][  0]LogAndroidPermission: UAndroidPermissionCallbackProxy::GetInstance
[2020.10.02-17.24.39:930][  0]LogAudioCaptureCore: Display: No Audio Capture implementations found. Audio input will be silent.
[2020.10.02-17.24.39:930][  0]LogAudioCaptureCore: Display: No Audio Capture implementations found. Audio input will be silent.
[2020.10.02-17.24.40:001][  0]LogOcInput: OculusInput pre-init called
[2020.10.02-17.24.40:013][  0]LogWindows: Failed to load 'OVRPlugin.dll' (GetLastError=126)
[2020.10.02-17.24.40:013][  0]LogWindows: File 'OVRPlugin.dll' does not exist
[2020.10.02-17.24.40:310][  0]LogEngine: Initializing Engine...
[2020.10.02-17.24.40:311][  0]LogHMD: Failed to initialize OpenVR with code 110
[2020.10.02-17.24.40:311][  0]LogMagicLeap: Warning: VR disabled because ZI is not enabled.  To enable, in the editor, Edit -> Project Settings -> Plugins -> Magic Leap Plugin -> Enable Zero Iteration
[2020.10.02-17.24.40:312][  0]LogStats: UGameplayTagsManager::InitializeManager -  0.000 s
[2020.10.02-17.24.40:419][  0]LogInit: Initializing FReadOnlyCVARCache
[2020.10.02-17.24.40:432][  0]LogAIModule: Creating AISystem for world Untitled
[2020.10.02-17.24.40:432][  0]LogAISub: UAISubsystem::UAISubsystem EnvQueryManager (000001A90222CC00), frame # 0
[2020.10.02-17.24.40:432][  0]LogAISub: UAISubsystem::UAISubsystem AIPerceptionSystem (000001A902242480), frame # 0
[2020.10.02-17.24.40:445][  0]LogAudioMixer: Display: Audio Mixer Platform Settings:
[2020.10.02-17.24.40:445][  0]LogAudioMixer: Display: 	Sample Rate:						  48000
[2020.10.02-17.24.40:445][  0]LogAudioMixer: Display: 	Callback Buffer Frame Size Requested: 1024
[2020.10.02-17.24.40:445][  0]LogAudioMixer: Display: 	Callback Buffer Frame Size To Use:	  1024
[2020.10.02-17.24.40:445][  0]LogAudioMixer: Display: 	Number of buffers to queue:			  2
[2020.10.02-17.24.40:445][  0]LogAudioMixer: Display: 	Max Channels (voices):				  32
[2020.10.02-17.24.40:445][  0]LogAudioMixer: Display: 	Number of Async Source Workers:		  0
[2020.10.02-17.24.40:445][  0]LogAudio: Display: AudioDevice MaxSources: 32
[2020.10.02-17.24.40:445][  0]LogAudio: Display: Using built-in audio occlusion.
[2020.10.02-17.24.40:445][  0]LogAudioMixer: Display: Initializing audio mixer.
[2020.10.02-17.24.40:456][  0]LogAudioMixer: Display: 0: FrontLeft
[2020.10.02-17.24.40:456][  0]LogAudioMixer: Display: 1: FrontRight
[2020.10.02-17.24.40:491][  0]LogAudioMixer: Display: Using Audio Device Динамики (Realtek(R) Audio)
[2020.10.02-17.24.40:503][  0]LogAudioMixer: Display: Initializing Sound Submixes...
[2020.10.02-17.24.40:507][  0]LogAudioMixer: Display: Creating Master Submix 'MasterSubmixDefault'
[2020.10.02-17.24.40:507][  0]LogAudioMixer: Display: Creating Master Submix 'MasterReverbSubmixDefault'
[2020.10.02-17.24.40:510][  0]LogAudioMixer: Display: Creating Master Submix 'MasterEQSubmixDefault'
[2020.10.02-17.24.40:513][  0]LogInit: FAudioDevice initialized.
[2020.10.02-17.24.40:513][  0]LogNetVersion: Set ProjectVersion to 1.0.0.0. Version Checksum will be recalculated on next use.
[2020.10.02-17.24.40:657][  0]LogDerivedDataCache: Saved boot cache 0.14s 75MB C:/Users/llblackll/AppData/Local/UnrealEngine/4.25/DerivedDataCache/Boot.ddc.
[2020.10.02-17.24.40:657][  0]LogInit: Texture streaming: Enabled
[2020.10.02-17.24.40:675][  0]LogEngineSessionManager: EngineSessionManager initialized
[2020.10.02-17.24.40:675][  0]LogEditorSessionSummary: Verbose: Initializing EditorSessionSummaryWriter for editor session tracking
[2020.10.02-17.24.40:676][  0]LogEditorSessionSummary: EditorSessionSummaryWriter initialized
[2020.10.02-17.24.40:750][  0]LogInit: Transaction tracking system initialized
[2020.10.02-17.24.40:770][  0]BlueprintLog: New page: Editor Load
[2020.10.02-17.24.40:837][  0]LocalizationService: Localization service is disabled
[2020.10.02-17.24.40:922][  0]LogVSAccessor: Display: Unable to create Visual Studio setup instance: 80040154
[2020.10.02-17.24.40:923][  0]LogVSAccessor: Display: Unable to create Visual Studio setup instance: 80040154
[2020.10.02-17.24.40:987][  0]LogCook: Display: Max memory allowance for cook 16384mb min free memory 0mb
[2020.10.02-17.24.40:987][  0]LogCook: Display: Mobile HDR setting 1
[2020.10.02-17.24.40:993][  0]LogFileCache: Scanning file cache for directory 'E:/ПроектыGit/Kalcinaciya2/Kalcinaciya/Content/' took 0.00s
[2020.10.02-17.24.41:264][  0]SourceControl: Source control is disabled
[2020.10.02-17.24.41:264][  0]LogUnrealEdMisc: Loading editor; pre map load, took 6.043
[2020.10.02-17.24.41:264][  0]Cmd: MAP LOAD FILE="../../../Engine/Content/Maps/Templates/Template_Default.umap" TEMPLATE=1 SHOWPROGRESS=1 FEATURELEVEL=3
[2020.10.02-17.24.41:264][  0]LightingResults: New page: Lighting Build
[2020.10.02-17.24.41:265][  0]LogWorld: UWorld::CleanupWorld for Untitled, bSessionEnded=true, bCleanupResources=true
[2020.10.02-17.24.41:266][  0]LogSlate: InvalidateAllWidgets triggered.  All widgets were invalidated
[2020.10.02-17.24.41:266][  0]MapCheck: New page: Map Check
[2020.10.02-17.24.41:266][  0]LightingResults: New page: Lighting Build
[2020.10.02-17.24.41:276][  0]LogAISub: UAISubsystem::~UAISubsystem EnvQueryManager (000001A90222CC00), frame # 0
[2020.10.02-17.24.41:276][  0]LogAISub: UAISubsystem::~UAISubsystem AIPerceptionSystem (000001A902242480), frame # 0
[2020.10.02-17.24.41:277][  0]LogUObjectHash: Compacting FUObjectHashTables data took   0.64ms
[2020.10.02-17.24.41:326][  0]LogAIModule: Creating AISystem for world Untitled_1
[2020.10.02-17.24.41:326][  0]LogAISub: UAISubsystem::UAISubsystem EnvQueryManager (000001A90CC0A400), frame # 0
[2020.10.02-17.24.41:326][  0]LogAISub: UAISubsystem::UAISubsystem AIPerceptionSystem (000001A902A01A80), frame # 0
[2020.10.02-17.24.41:337][  0]LogEditorServer: Finished looking for orphan Actors (0.000 secs)
[2020.10.02-17.24.41:373][  0]LogUObjectHash: Compacting FUObjectHashTables data took   0.76ms
[2020.10.02-17.24.41:374][  0]Cmd: MAP CHECKDEP NOCLEARLOG
[2020.10.02-17.24.41:374][  0]MapCheck: Map check complete: 0 Error(s), 0 Warning(s), took 0,203ms to complete.
[2020.10.02-17.24.41:374][  0]LogFileHelpers: Loading map 'Template_Default' took 0.111
[2020.10.02-17.24.41:375][  0]LogUnrealEdMisc: Total Editor Startup Time, took 6.155
[2020.10.02-17.24.41:521][  0]LogSlate: Updating window title bar state: overlay mode, drag disabled, window buttons hidden, title bar hidden
[2020.10.02-17.24.41:526][  0]LogSlate: Updating window title bar state: overlay mode, drag disabled, window buttons hidden, title bar hidden
[2020.10.02-17.24.41:533][  0]LogSlate: Updating window title bar state: overlay mode, drag disabled, window buttons hidden, title bar hidden
[2020.10.02-17.24.41:540][  0]LogSlate: Updating window title bar state: overlay mode, drag disabled, window buttons hidden, title bar hidden
[2020.10.02-17.24.41:631][  0]LogSlate: Took 0.000164 seconds to synchronously load lazily loaded font '../../../Engine/Content/Slate/Fonts/Roboto-Regular.ttf' (155K)
[2020.10.02-17.24.41:633][  0]LogSlate: Took 0.000124 seconds to synchronously load lazily loaded font '../../../Engine/Content/Slate/Fonts/Roboto-Bold.ttf' (160K)
[2020.10.02-17.24.41:705][  0]LogRenderer: Reallocating scene render targets to support 1180x924 Format 10 NumSamples 1 (Frame:1).
[2020.10.02-17.24.41:988][  0]LogLoad: (Engine Initialization) Total time: 6.77 seconds
[2020.10.02-17.24.41:988][  0]LogLoad: (Engine Initialization) Total Blueprint compile time: 0.00 seconds
[2020.10.02-17.24.42:016][  0]LogAssetRegistry: Asset discovery search completed in 4.0801 seconds
[2020.10.02-17.24.42:023][  0]LogCollectionManager: Loaded 0 collections in 0.000656 seconds
[2020.10.02-17.24.42:026][  0]LogFileCache: Scanning file cache for directory 'E:/ПроектыGit/Kalcinaciya2/Kalcinaciya/Saved/Collections/' took 0.00s
[2020.10.02-17.24.42:026][  0]LogFileCache: Scanning file cache for directory 'E:/ПроектыGit/Kalcinaciya2/Kalcinaciya/Content/Developers/llblackll/Collections/' took 0.00s
[2020.10.02-17.24.42:026][  0]LogFileCache: Scanning file cache for directory 'E:/ПроектыGit/Kalcinaciya2/Kalcinaciya/Content/Collections/' took 0.00s
[2020.10.02-17.24.42:026][  0]LogCollectionManager: Fixed up redirectors for 0 collections in 0.000002 seconds (updated 0 objects)
[2020.10.02-17.24.42:027][  0]LogContentStreaming: Texture pool size now 3000 MB
[2020.10.02-17.25.00:431][342]LogWindows: Warning: CreateProc failed: Не удается найти указанный файл. (0x00000002)
[2020.10.02-17.25.00:431][342]LogWindows: Warning: URL: C:/Program Files/Git/bin/git.exe version
[2020.10.02-17.25.00:431][342]LogWindows: Warning: CreateProc failed: Не удается найти указанный файл. (0x00000002)
[2020.10.02-17.25.00:431][342]LogWindows: Warning: URL: C:/Program Files (x86)/Git/bin/git.exe version
[2020.10.02-17.25.00:431][342]LogWindows: Warning: CreateProc failed: Не удается найти указанный файл. (0x00000002)
[2020.10.02-17.25.00:431][342]LogWindows: Warning: URL: C:\Users\llblackll\AppData\Local/Programs/Git/cmd/git.exe version
[2020.10.02-17.25.00:431][342]LogWindows: Warning: CreateProc failed: Не удается найти указанный файл. (0x00000002)
[2020.10.02-17.25.00:431][342]LogWindows: Warning: URL: C:/Program Files (x86)/SmartGit/git/bin/git.exe version
[2020.10.02-17.25.00:431][342]LogWindows: Warning: CreateProc failed: Не удается найти указанный файл. (0x00000002)
[2020.10.02-17.25.00:431][342]LogWindows: Warning: URL: C:/Program Files (x86)/SmartGit/bin/git.exe version
[2020.10.02-17.25.00:431][342]LogWindows: Warning: CreateProc failed: Не удается найти указанный файл. (0x00000002)
[2020.10.02-17.25.00:431][342]LogWindows: Warning: URL: C:\Users\llblackll\AppData\Local/Atlassian/SourceTree/git_local/bin/git.exe version
[2020.10.02-17.25.00:432][342]LogWindows: Warning: CreateProc failed: Не удается найти указанный файл. (0x00000002)
[2020.10.02-17.25.00:432][342]LogWindows: Warning: URL: C:/Program Files (x86)/fournova/Tower/vendor/Git/bin/git.exe version
[2020.10.02-17.25.32:036][548]LogSlate: Took 0.014856 seconds to synchronously load lazily loaded font '../../../Engine/Content/Slate/Fonts/DroidSansMono.ttf' (77K)
[2020.10.02-17.26.03:441][450]LogWindows: Warning: CreateProc failed: Не удается найти указанный файл. (0x00000002)
[2020.10.02-17.26.03:441][450]LogWindows: Warning: URL: E:/UE/UE_4.25/Engine/Binaries/Win64/git@github.com:l1lblackl1l/Kalcinaciya2.git version
[2020.10.02-17.26.03:571][465]LogWindows: Warning: CreateProc failed: Не удается найти указанный файл. (0x00000002)
[2020.10.02-17.26.03:571][465]LogWindows: Warning: URL: E:/UE/UE_4.25/Engine/Binaries/Win64/git@github.com:l1lblackl1l/Kalcinaciya2.git version
[2020.10.02-17.26.03:571][465]SourceControl: Error: Failed to enable Git source control. You need to install Git and specify a valid path to git executable.
[2020.10.02-17.27.09:095][449]LogSourceControl: Plastic SCM plugin '1.4.6'
[2020.10.02-17.27.09:097][449]LogWindows: Warning: CreateProc failed: Не удается найти указанный файл. (0x00000002)
[2020.10.02-17.27.09:097][449]LogWindows: Warning: URL: cm shell
[2020.10.02-17.27.09:097][449]LogSourceControl: Warning: Failed to launch 'cm shell'
[2020.10.02-17.29.47:533][154]LogSourceControl: Error: P4ERROR: Invalid connection to server.
[2020.10.02-17.29.47:533][154]LogSourceControl: Error: Connect to server failed; check $P4PORT.
TCP connect to perforce:1666 failed.
???? ???? ??????????. 

[2020.10.02-17.30.01:604][797]LogWindows: Warning: CreateProc failed: Не удается найти указанный файл. (0x00000002)
[2020.10.02-17.30.01:604][797]LogWindows: Warning: URL: E:/UE/UE_4.25/Engine/Binaries/Win64/git@github.com:l1lblackl1l/Kalcinaciya2.git version
[2020.10.02-17.32.37:711][349]SourceControl: Source control is disabled
[2020.10.02-17.32.37:711][349]LogSlate: Window 'Source Control Login' being destroyed
[2020.10.02-17.32.48:382][292]LogWindows: Warning: CreateProc failed: Не удается найти указанный файл. (0x00000002)
[2020.10.02-17.32.48:382][292]LogWindows: Warning: URL: E:/UE/UE_4.25/Engine/Binaries/Win64/git@github.com:l1lblackl1l/Kalcinaciya2.git version
[2020.10.02-17.33.41:552][968]LogWindows: Warning: CreateProc failed: Не удается найти указанный файл. (0x00000002)
[2020.10.02-17.33.41:552][968]LogWindows: Warning: URL: E:/UE/UE_4.25/Engine/Binaries/Win64/git@github.com:l1lblackl1l/Kalcinaciya2.git version
[2020.10.02-17.33.53:189][734]LogWindows: Warning: CreateProc failed: Не удается найти указанный файл. (0x00000002)
[2020.10.02-17.33.53:189][734]LogWindows: Warning: URL: E:/UE/UE_4.25/Engine/Binaries/Win64/https://github.com/l1lblackl1l/Kalcinaciya2.git version
[2020.10.02-17.34.30:306][410]LogWindows: Warning: CreateProc failed: Не удается найти указанный файл. (0x00000002)
[2020.10.02-17.34.30:306][410]LogWindows: Warning: URL: E:/UE/UE_4.25/Engine/Binaries/Win64/https://github.com/l1lblackl1l/Kalcinaciya2.git version
[2020.10.02-17.34.30:306][410]SourceControl: Error: Failed to enable Git source control. You need to install Git and specify a valid path to git executable.
[2020.10.02-17.34.54:712][203]SourceControl: Source control is disabled
[2020.10.02-17.34.54:712][203]LogSlate: Window 'Source Control Login' being destroyed
[2020.10.02-17.35.40:072][ 58]LogActorFactory: Actor Factory created Sphere
[2020.10.02-17.35.41:227][114]LogActorFactory: Actor Factory created Sphere
[2020.10.02-17.35.41:583][114]LogSlate: Took 0.006494 seconds to synchronously load lazily loaded font '../../../Engine/Content/Editor/Slate/Fonts/FontAwesome.ttf' (139K)
[2020.10.02-17.35.52:282][705]LogContentBrowser: Native class hierarchy populated in 0.0089 seconds. Added 3446 classes and 828 folders.
[2020.10.02-17.35.54:093][705]LogSlate: Window 'Save Level As' being destroyed
[2020.10.02-17.35.54:099][705]LogSlate: Took 0.000119 seconds to synchronously load lazily loaded font '../../../Engine/Content/Slate/Fonts/Roboto-Light.ttf' (167K)
[2020.10.02-17.35.54:111][705]Cmd: OBJ SAVEPACKAGE PACKAGE="/Game/Maps/NewMap" FILE="../../../../../ПроектыGit/Kalcinaciya2/Kalcinaciya/Content/Maps/NewMap.umap" SILENT=true AUTOSAVING=false KEEPDIRTY=false
[2020.10.02-17.35.54:137][705]LogUObjectHash: Compacting FUObjectHashTables data took   0.85ms
[2020.10.02-17.35.54:149][705]LogSavePackage: Moving '../../../../../ПроектыGit/Kalcinaciya2/Kalcinaciya/Saved/NewMapC328AB3147456EF0C2D27E84973CE5F6.tmp' to '../../../../../ПроектыGit/Kalcinaciya2/Kalcinaciya/Content/Maps/NewMap.umap'
[2020.10.02-17.35.54:165][705]Cmd: OBJ SAVEPACKAGE PACKAGE="/Game/Maps/NewMap_BuiltData" FILE="../../../../../ПроектыGit/Kalcinaciya2/Kalcinaciya/Content/Maps/NewMap_BuiltData.uasset" SILENT=true
[2020.10.02-17.35.54:172][705]LogSavePackage: Moving '../../../../../ПроектыGit/Kalcinaciya2/Kalcinaciya/Saved/NewMap_BuiltDataCBD22F92461B5FD599ACF98F3BB4D84A.tmp' to '../../../../../ПроектыGit/Kalcinaciya2/Kalcinaciya/Content/Maps/NewMap_BuiltData.uasset'
[2020.10.02-17.35.54:180][705]LogFileHelpers: Saving map 'NewMap' took 0.083
[2020.10.02-17.35.54:183][705]AssetCheck: New page: Asset Save: multiple assets
[2020.10.02-17.35.54:183][705]LogContentValidation: Display: Validating World /Game/Maps/NewMap.NewMap
[2020.10.02-17.35.54:183][705]LogContentValidation: Display: Validating MapBuildDataRegistry /Game/Maps/NewMap_BuiltData.NewMap_BuiltData
